{
 "root": {
  "program": {
   "configuration": {
    "": "./Example_2/7_update.dl",
    "fact-dir": "Example_2/facts/data_1000nodes_0p01density/",
    "include-dir": ".",
    "jobs": "1",
    "libraries": "functors",
    "library-dir": ".",
    "output-dir": "output",
    "profile": "7herschrijving.log",
    "relationCount": "3",
    "ruleCount": "2",
    "version": "2.4",
    "warn": "all",
    "wno": "none"
   },
   "relation": {
    "R": {
     "loadtime": { "start": 1751558756678538, "end": 1751558756684828},
     "num-tuples": 10052,
     "reads": 10075,
     "source-locator": "7_update.dl [2:7-2:8]"
    },
    "S": {
     "loadtime": { "start": 1751558756684840, "end": 1751558756690482},
     "num-tuples": 10018,
     "reads": 20104,
     "source-locator": "7_update.dl [3:7-3:8]"
    },
    "Target": {
     "maxRSS": {
      "post": 11776,
      "pre": 11520
     },
     "non-recursive-rule": {
      "Target(x) :- \n   R(y,x),\n   !S(y,x),\n   S(z,x),\n   !R(z,x).": {
       "atom-frequency": {
        "Target(x) :- \n   R(y,x),\n   !S(y,x),\n   S(z,x),\n   !R(z,x).": {
         "R": {
          "level": 0,
          "num-tuples": 0
         },
         "S": {
          "level": 1,
          "num-tuples": 0
         }
        }
       },
       "maxRSS": {
        "post": 11776,
        "pre": 11648
       },
       "num-tuples": 892,
       "runtime": { "start": 1751558756692618, "end": 1751558756699529},
       "source-locator": "7_update.dl [25:1-27:20]"
      },
      "Target(x) :- \n   R(y,x),\n   S(y,x).": {
       "atom-frequency": {
        "Target(x) :- \n   R(y,x),\n   S(y,x).": {
         "R": {
          "level": 0,
          "num-tuples": 0
         }
        }
       },
       "maxRSS": {
        "post": 11648,
        "pre": 11520
       },
       "num-tuples": 108,
       "runtime": { "start": 1751558756690497, "end": 1751558756692600},
       "source-locator": "7_update.dl [22:1-22:31]"
      }
     },
     "num-tuples": 1000,
     "reads": 0,
     "runtime": { "start": 1751558756690493, "end": 1751558756699546},
     "savetime": { "start": 1751558756699553, "end": 1751558756699801},
     "source-locator": "7_update.dl [10:7-10:13]"
    }
   },
   "runtime": { "start": 1751558756678530, "end": 1751558756699921},
   "starttime": { "time": 1751558756677501},
   "usage": {
    "timepoint": {
     "1751558756677569": {
      "maxRSS": 10368,
      "systemtime": 3490,
      "usertime": 5817
     },
     "1751558756678541": {
      "maxRSS": 10496,
      "systemtime": 3579,
      "usertime": 5965
     },
     "1751558756678735": {
      "maxRSS": 10624,
      "systemtime": 3596,
      "usertime": 5994
     },
     "1751558756679801": {
      "maxRSS": 10752,
      "systemtime": 3722,
      "usertime": 6203
     },
     "1751558756680877": {
      "maxRSS": 11008,
      "systemtime": 3722,
      "usertime": 6268
     },
     "1751558756681958": {
      "maxRSS": 11136,
      "systemtime": 3722,
      "usertime": 7299
     },
     "1751558756683047": {
      "maxRSS": 11136,
      "systemtime": 3722,
      "usertime": 9335
     },
     "1751558756684132": {
      "maxRSS": 11264,
      "systemtime": 3722,
      "usertime": 10369
     },
     "1751558756684852": {
      "maxRSS": 11264,
      "systemtime": 3722,
      "usertime": 11205
     },
     "1751558756685923": {
      "maxRSS": 11264,
      "systemtime": 3722,
      "usertime": 11313
     },
     "1751558756686994": {
      "maxRSS": 11392,
      "systemtime": 3722,
      "usertime": 12170
     },
     "1751558756688047": {
      "maxRSS": 11392,
      "systemtime": 3722,
      "usertime": 14198
     },
     "1751558756689136": {
      "maxRSS": 11520,
      "systemtime": 3722,
      "usertime": 15236
     },
     "1751558756690218": {
      "maxRSS": 11520,
      "systemtime": 3722,
      "usertime": 16264
     },
     "1751558756690506": {
      "maxRSS": 11520,
      "systemtime": 3722,
      "usertime": 16767
     },
     "1751558756691578": {
      "maxRSS": 11648,
      "systemtime": 3722,
      "usertime": 16902
     },
     "1751558756692630": {
      "maxRSS": 11648,
      "systemtime": 3722,
      "usertime": 18516
     },
     "1751558756693698": {
      "maxRSS": 11776,
      "systemtime": 3722,
      "usertime": 18611
     },
     "1751558756694774": {
      "maxRSS": 11776,
      "systemtime": 3722,
      "usertime": 19550
     },
     "1751558756695840": {
      "maxRSS": 11776,
      "systemtime": 3722,
      "usertime": 20567
     },
     "1751558756696901": {
      "maxRSS": 11776,
      "systemtime": 3722,
      "usertime": 21578
     },
     "1751558756697961": {
      "maxRSS": 11776,
      "systemtime": 3722,
      "usertime": 22587
     },
     "1751558756699023": {
      "maxRSS": 11776,
      "systemtime": 3722,
      "usertime": 24603
     },
     "1751558756699560": {
      "maxRSS": 11776,
      "systemtime": 3722,
      "usertime": 25144
     }
    }
   }
  }
 }
}
